<?xml version="1.0" encoding="UTF-8"?>
<!-- Generated by org.testng.reporters.JUnitXMLReporter -->
<testsuite hostname="DESKTOP-9SKPSJP" name="UATPRomiseApplication" tests="5" failures="0" timestamp="7 Sep 2020 15:25:45 GMT" time="72.778" errors="0">
  <testcase name="simpleTestClass" time="23.151" classname="Practice.Automation.Validation_Blank_Fields"/>
  <testcase name="simpleTestClass" time="26.881" classname="Practice.Automation.Login_Functionality"/>
  <testcase name="simpleTestClass" time="28.248" classname="Practice.Automation.Logout"/>
  <testcase name="simpleTestClass" time="31.796" classname="Practice.Automation.Add_Promise"/>
  <testcase name="simpleTestClass" time="33.468" classname="Practice.Automation.Verify_Promise_is_added"/>
</testsuite> <!-- UATPRomiseApplication -->
